mode: atomic
github.com/doodlescheduling/tfxunpack/main.go:39.13,47.2 7 0
github.com/doodlescheduling/tfxunpack/main.go:49.13,51.55 2 0
github.com/doodlescheduling/tfxunpack/main.go:51.55,53.3 1 0
github.com/doodlescheduling/tfxunpack/main.go:55.2,57.25 2 0
github.com/doodlescheduling/tfxunpack/main.go:57.25,59.3 1 0
github.com/doodlescheduling/tfxunpack/main.go:61.2,86.32 13 0
github.com/doodlescheduling/tfxunpack/main.go:89.41,94.16 4 0
github.com/doodlescheduling/tfxunpack/main.go:94.16,96.3 1 0
github.com/doodlescheduling/tfxunpack/main.go:98.2,99.16 2 0
github.com/doodlescheduling/tfxunpack/main.go:99.16,101.3 1 0
github.com/doodlescheduling/tfxunpack/main.go:103.2,103.36 1 0
github.com/doodlescheduling/tfxunpack/main.go:106.22,107.16 1 0
github.com/doodlescheduling/tfxunpack/main.go:107.16,108.13 1 0
github.com/doodlescheduling/tfxunpack/internal/parser/parser.go:36.63,40.33 3 0
github.com/doodlescheduling/tfxunpack/internal/parser/parser.go:40.33,41.17 1 0
github.com/doodlescheduling/tfxunpack/internal/parser/parser.go:41.17,43.4 1 0
github.com/doodlescheduling/tfxunpack/internal/parser/parser.go:45.3,45.17 1 0
github.com/doodlescheduling/tfxunpack/internal/parser/parser.go:45.17,47.4 1 0
github.com/doodlescheduling/tfxunpack/internal/parser/parser.go:49.3,49.13 1 0
github.com/doodlescheduling/tfxunpack/internal/parser/parser.go:52.2,62.61 4 0
github.com/doodlescheduling/tfxunpack/internal/parser/parser.go:62.61,63.7 1 0
github.com/doodlescheduling/tfxunpack/internal/parser/parser.go:63.7,64.11 1 0
github.com/doodlescheduling/tfxunpack/internal/parser/parser.go:65.22,66.15 1 0
github.com/doodlescheduling/tfxunpack/internal/parser/parser.go:67.30,68.12 1 0
github.com/doodlescheduling/tfxunpack/internal/parser/parser.go:68.12,70.6 1 0
github.com/doodlescheduling/tfxunpack/internal/parser/parser.go:72.5,74.19 2 0
github.com/doodlescheduling/tfxunpack/internal/parser/parser.go:74.19,77.6 2 0
github.com/doodlescheduling/tfxunpack/internal/parser/parser.go:82.2,84.6 2 0
github.com/doodlescheduling/tfxunpack/internal/parser/parser.go:84.6,86.17 2 0
github.com/doodlescheduling/tfxunpack/internal/parser/parser.go:86.17,87.21 1 0
github.com/doodlescheduling/tfxunpack/internal/parser/parser.go:87.21,88.10 1 0
github.com/doodlescheduling/tfxunpack/internal/parser/parser.go:91.4,91.14 1 0
github.com/doodlescheduling/tfxunpack/internal/parser/parser.go:94.3,94.57 1 0
github.com/doodlescheduling/tfxunpack/internal/parser/parser.go:94.57,99.18 2 0
github.com/doodlescheduling/tfxunpack/internal/parser/parser.go:99.18,101.5 1 0
github.com/doodlescheduling/tfxunpack/internal/parser/parser.go:103.4,103.46 1 0
github.com/doodlescheduling/tfxunpack/internal/parser/parser.go:107.2,110.12 4 0
github.com/doodlescheduling/tfxunpack/internal/parser/parser.go:113.49,114.28 1 0
github.com/doodlescheduling/tfxunpack/internal/parser/parser.go:114.28,116.36 2 0
github.com/doodlescheduling/tfxunpack/internal/parser/parser.go:116.36,119.4 2 0
github.com/doodlescheduling/tfxunpack/internal/parser/parser.go:123.114,124.64 1 0
github.com/doodlescheduling/tfxunpack/internal/parser/parser.go:124.64,130.17 4 0
github.com/doodlescheduling/tfxunpack/internal/parser/parser.go:130.17,132.4 1 0
github.com/doodlescheduling/tfxunpack/internal/parser/parser.go:134.3,134.40 1 0
github.com/doodlescheduling/tfxunpack/internal/parser/parser.go:135.8,135.123 1 0
github.com/doodlescheduling/tfxunpack/internal/parser/parser.go:135.123,138.17 3 0
github.com/doodlescheduling/tfxunpack/internal/parser/parser.go:138.17,140.4 1 0
github.com/doodlescheduling/tfxunpack/internal/parser/parser.go:142.3,147.47 5 0
github.com/doodlescheduling/tfxunpack/internal/parser/parser.go:147.47,149.18 2 0
github.com/doodlescheduling/tfxunpack/internal/parser/parser.go:149.18,151.5 1 0
github.com/doodlescheduling/tfxunpack/internal/parser/parser.go:153.4,156.14 4 0
github.com/doodlescheduling/tfxunpack/internal/parser/parser.go:160.2,160.12 1 0
github.com/doodlescheduling/tfxunpack/internal/parser/parser.go:163.80,164.70 1 0
github.com/doodlescheduling/tfxunpack/internal/parser/parser.go:164.70,165.29 1 0
github.com/doodlescheduling/tfxunpack/internal/parser/parser.go:165.29,166.12 1 0
github.com/doodlescheduling/tfxunpack/internal/parser/parser.go:169.3,175.48 3 0
github.com/doodlescheduling/tfxunpack/internal/parser/parser.go:175.48,177.4 1 0
github.com/doodlescheduling/tfxunpack/internal/parser/parser.go:177.9,177.40 1 0
github.com/doodlescheduling/tfxunpack/internal/parser/parser.go:177.40,178.12 1 0
github.com/doodlescheduling/tfxunpack/internal/parser/parser.go:182.3,182.44 1 0
github.com/doodlescheduling/tfxunpack/internal/parser/parser.go:182.44,184.4 1 0
github.com/doodlescheduling/tfxunpack/internal/parser/parser.go:187.2,187.12 1 0
github.com/doodlescheduling/tfxunpack/internal/parser/parser.go:190.69,192.16 2 0
github.com/doodlescheduling/tfxunpack/internal/parser/parser.go:192.16,194.3 1 0
github.com/doodlescheduling/tfxunpack/internal/parser/parser.go:196.2,197.16 2 0
github.com/doodlescheduling/tfxunpack/internal/parser/parser.go:197.16,199.3 1 0
github.com/doodlescheduling/tfxunpack/internal/parser/parser.go:201.2,202.16 2 0
github.com/doodlescheduling/tfxunpack/internal/parser/parser.go:202.16,204.3 1 0
github.com/doodlescheduling/tfxunpack/internal/parser/parser.go:206.2,209.16 3 0
github.com/doodlescheduling/tfxunpack/internal/parser/parser.go:209.16,211.3 1 0
github.com/doodlescheduling/tfxunpack/internal/parser/parser.go:213.2,214.16 2 0
github.com/doodlescheduling/tfxunpack/internal/parser/parser.go:214.16,216.3 1 0
github.com/doodlescheduling/tfxunpack/internal/parser/parser.go:218.2,219.16 2 0
github.com/doodlescheduling/tfxunpack/internal/parser/parser.go:219.16,221.3 1 0
github.com/doodlescheduling/tfxunpack/internal/parser/parser.go:223.2,224.16 2 0
github.com/doodlescheduling/tfxunpack/internal/parser/parser.go:224.16,226.3 1 0
github.com/doodlescheduling/tfxunpack/internal/parser/parser.go:228.2,228.31 1 0
github.com/doodlescheduling/tfxunpack/internal/parser/parser.go:228.31,230.17 2 0
github.com/doodlescheduling/tfxunpack/internal/parser/parser.go:230.17,232.4 1 0
github.com/doodlescheduling/tfxunpack/internal/parser/parser.go:234.3,235.17 2 0
github.com/doodlescheduling/tfxunpack/internal/parser/parser.go:235.17,237.4 1 0
github.com/doodlescheduling/tfxunpack/internal/parser/parser.go:239.3,242.17 3 0
github.com/doodlescheduling/tfxunpack/internal/parser/parser.go:242.17,244.4 1 0
github.com/doodlescheduling/tfxunpack/internal/parser/parser.go:246.3,247.17 2 0
github.com/doodlescheduling/tfxunpack/internal/parser/parser.go:247.17,249.4 1 0
github.com/doodlescheduling/tfxunpack/internal/parser/parser.go:251.3,253.34 2 0
github.com/doodlescheduling/tfxunpack/internal/parser/parser.go:253.34,255.4 1 0
github.com/doodlescheduling/tfxunpack/internal/parser/parser.go:257.3,257.24 1 0
github.com/doodlescheduling/tfxunpack/internal/parser/parser.go:257.24,259.4 1 0
github.com/doodlescheduling/tfxunpack/internal/parser/parser.go:262.2,262.20 1 0
github.com/doodlescheduling/tfxunpack/internal/parser/parser.go:266.70,269.6 2 0
github.com/doodlescheduling/tfxunpack/internal/parser/parser.go:269.6,272.10 2 0
github.com/doodlescheduling/tfxunpack/internal/parser/parser.go:273.22,274.22 1 0
github.com/doodlescheduling/tfxunpack/internal/parser/parser.go:276.19,277.19 1 0
github.com/doodlescheduling/tfxunpack/internal/parser/parser.go:279.22,280.12 1 0
github.com/doodlescheduling/tfxunpack/internal/parser/parser.go:283.3,283.36 1 0
github.com/doodlescheduling/tfxunpack/internal/parser/parser.go:283.36,285.4 1 0
github.com/doodlescheduling/tfxunpack/internal/worker/pool.go:31.55,43.2 3 5
github.com/doodlescheduling/tfxunpack/internal/worker/pool.go:47.32,50.24 2 13
github.com/doodlescheduling/tfxunpack/internal/worker/pool.go:50.24,52.3 1 0
github.com/doodlescheduling/tfxunpack/internal/worker/pool.go:54.2,54.17 1 13
github.com/doodlescheduling/tfxunpack/internal/worker/pool.go:58.26,60.2 1 2
github.com/doodlescheduling/tfxunpack/internal/worker/pool.go:63.26,65.2 1 1
github.com/doodlescheduling/tfxunpack/internal/worker/pool.go:68.24,74.2 5 3
github.com/doodlescheduling/tfxunpack/internal/worker/pool.go:76.30,77.12 1 5
github.com/doodlescheduling/tfxunpack/internal/worker/pool.go:77.12,78.7 1 5
github.com/doodlescheduling/tfxunpack/internal/worker/pool.go:78.7,79.11 1 18
github.com/doodlescheduling/tfxunpack/internal/worker/pool.go:80.24,81.31 1 2
github.com/doodlescheduling/tfxunpack/internal/worker/pool.go:81.31,82.21 1 0
github.com/doodlescheduling/tfxunpack/internal/worker/pool.go:82.21,84.7 1 0
github.com/doodlescheduling/tfxunpack/internal/worker/pool.go:86.6,86.21 1 0
github.com/doodlescheduling/tfxunpack/internal/worker/pool.go:89.5,89.11 1 2
github.com/doodlescheduling/tfxunpack/internal/worker/pool.go:91.31,92.12 1 16
github.com/doodlescheduling/tfxunpack/internal/worker/pool.go:92.12,94.6 1 3
github.com/doodlescheduling/tfxunpack/internal/worker/pool.go:96.5,96.27 1 13
github.com/doodlescheduling/tfxunpack/internal/worker/pool.go:96.27,98.6 1 0
github.com/doodlescheduling/tfxunpack/internal/worker/pool.go:100.5,100.20 1 13
github.com/doodlescheduling/tfxunpack/internal/worker/pool.go:105.2,106.12 2 5
github.com/doodlescheduling/tfxunpack/internal/worker/pool.go:106.12,109.7 2 5
github.com/doodlescheduling/tfxunpack/internal/worker/pool.go:109.7,110.11 1 18
github.com/doodlescheduling/tfxunpack/internal/worker/pool.go:111.24,112.11 1 2
github.com/doodlescheduling/tfxunpack/internal/worker/pool.go:114.28,115.12 1 16
github.com/doodlescheduling/tfxunpack/internal/worker/pool.go:115.12,117.6 1 3
github.com/doodlescheduling/tfxunpack/internal/worker/pool.go:119.5,119.19 1 13
github.com/doodlescheduling/tfxunpack/internal/worker/pool.go:119.19,121.6 1 1
github.com/doodlescheduling/tfxunpack/internal/worker/pool.go:126.2,126.10 1 5
github.com/doodlescheduling/tfxunpack/internal/worker/pool.go:129.35,132.12 2 13
github.com/doodlescheduling/tfxunpack/internal/worker/pool.go:132.12,136.3 3 13
github.com/doodlescheduling/tfxunpack/internal/worker/pool.go:140.29,146.2 5 2
github.com/doodlescheduling/tfxunpack/internal/xcrd/crd.go:54.105,73.39 6 2
github.com/doodlescheduling/tfxunpack/internal/xcrd/crd.go:73.39,75.17 2 2
github.com/doodlescheduling/tfxunpack/internal/xcrd/crd.go:75.17,77.4 1 0
github.com/doodlescheduling/tfxunpack/internal/xcrd/crd.go:78.3,79.50 2 2
github.com/doodlescheduling/tfxunpack/internal/xcrd/crd.go:79.50,81.4 1 20
github.com/doodlescheduling/tfxunpack/internal/xcrd/crd.go:82.3,82.31 1 2
github.com/doodlescheduling/tfxunpack/internal/xcrd/crd.go:85.2,85.17 1 2
github.com/doodlescheduling/tfxunpack/internal/xcrd/crd.go:90.110,91.48 1 2
github.com/doodlescheduling/tfxunpack/internal/xcrd/crd.go:91.48,93.3 1 0
github.com/doodlescheduling/tfxunpack/internal/xcrd/crd.go:95.2,113.39 6 2
github.com/doodlescheduling/tfxunpack/internal/xcrd/crd.go:113.39,115.17 2 2
github.com/doodlescheduling/tfxunpack/internal/xcrd/crd.go:115.17,117.4 1 0
github.com/doodlescheduling/tfxunpack/internal/xcrd/crd.go:118.3,119.55 2 2
github.com/doodlescheduling/tfxunpack/internal/xcrd/crd.go:119.55,121.4 1 18
github.com/doodlescheduling/tfxunpack/internal/xcrd/crd.go:122.3,122.31 1 2
github.com/doodlescheduling/tfxunpack/internal/xcrd/crd.go:125.2,125.17 1 2
github.com/doodlescheduling/tfxunpack/internal/xcrd/crd.go:128.110,144.16 3 4
github.com/doodlescheduling/tfxunpack/internal/xcrd/crd.go:144.16,146.3 1 0
github.com/doodlescheduling/tfxunpack/internal/xcrd/crd.go:147.2,155.37 7 4
github.com/doodlescheduling/tfxunpack/internal/xcrd/crd.go:155.37,157.3 1 4
github.com/doodlescheduling/tfxunpack/internal/xcrd/crd.go:158.2,165.39 7 4
github.com/doodlescheduling/tfxunpack/internal/xcrd/crd.go:165.39,167.3 1 2
github.com/doodlescheduling/tfxunpack/internal/xcrd/crd.go:168.2,168.51 1 4
github.com/doodlescheduling/tfxunpack/internal/xcrd/crd.go:168.51,170.3 1 8
github.com/doodlescheduling/tfxunpack/internal/xcrd/crd.go:171.2,172.19 2 4
github.com/doodlescheduling/tfxunpack/internal/xcrd/crd.go:175.66,176.30 1 7
github.com/doodlescheduling/tfxunpack/internal/xcrd/crd.go:176.30,178.3 1 1
github.com/doodlescheduling/tfxunpack/internal/xcrd/crd.go:180.2,180.57 1 6
github.com/doodlescheduling/tfxunpack/internal/xcrd/crd.go:180.57,182.3 1 1
github.com/doodlescheduling/tfxunpack/internal/xcrd/crd.go:184.2,184.61 1 5
github.com/doodlescheduling/tfxunpack/internal/xcrd/crd.go:184.61,186.3 1 1
github.com/doodlescheduling/tfxunpack/internal/xcrd/crd.go:188.2,188.76 1 4
github.com/doodlescheduling/tfxunpack/internal/xcrd/crd.go:188.76,190.3 1 1
github.com/doodlescheduling/tfxunpack/internal/xcrd/crd.go:192.2,192.76 1 3
github.com/doodlescheduling/tfxunpack/internal/xcrd/crd.go:192.76,194.3 1 1
github.com/doodlescheduling/tfxunpack/internal/xcrd/crd.go:196.2,196.12 1 2
github.com/doodlescheduling/tfxunpack/internal/xcrd/crd.go:199.85,200.14 1 4
github.com/doodlescheduling/tfxunpack/internal/xcrd/crd.go:200.14,202.3 1 0
github.com/doodlescheduling/tfxunpack/internal/xcrd/crd.go:204.2,205.65 2 4
github.com/doodlescheduling/tfxunpack/internal/xcrd/crd.go:205.65,207.3 1 0
github.com/doodlescheduling/tfxunpack/internal/xcrd/crd.go:208.2,208.15 1 4
github.com/doodlescheduling/tfxunpack/internal/xcrd/crd.go:212.127,214.30 2 9
github.com/doodlescheduling/tfxunpack/internal/xcrd/crd.go:214.30,215.38 1 4
github.com/doodlescheduling/tfxunpack/internal/xcrd/crd.go:215.38,217.30 2 3
github.com/doodlescheduling/tfxunpack/internal/xcrd/crd.go:217.30,219.5 1 1
github.com/doodlescheduling/tfxunpack/internal/xcrd/crd.go:220.4,220.47 1 3
github.com/doodlescheduling/tfxunpack/internal/xcrd/crd.go:220.47,222.5 1 6
github.com/doodlescheduling/tfxunpack/internal/xcrd/crd.go:223.4,223.34 1 3
github.com/doodlescheduling/tfxunpack/internal/xcrd/crd.go:225.3,225.43 1 4
github.com/doodlescheduling/tfxunpack/internal/xcrd/crd.go:225.43,227.4 1 2
github.com/doodlescheduling/tfxunpack/internal/xcrd/crd.go:229.2,229.12 1 9
github.com/doodlescheduling/tfxunpack/internal/xcrd/crd.go:234.65,235.33 1 2
github.com/doodlescheduling/tfxunpack/internal/xcrd/crd.go:235.33,236.34 1 1
github.com/doodlescheduling/tfxunpack/internal/xcrd/crd.go:236.34,238.4 1 1
github.com/doodlescheduling/tfxunpack/internal/xcrd/crd.go:240.2,240.14 1 1
github.com/doodlescheduling/tfxunpack/internal/xcrd/schemas.go:39.41,65.2 1 4
github.com/doodlescheduling/tfxunpack/internal/xcrd/schemas.go:70.68,204.2 1 2
github.com/doodlescheduling/tfxunpack/internal/xcrd/schemas.go:209.73,320.2 1 2
github.com/doodlescheduling/tfxunpack/internal/xcrd/schemas.go:325.70,351.2 1 4
github.com/doodlescheduling/tfxunpack/internal/xcrd/schemas.go:355.79,378.2 1 2
github.com/doodlescheduling/tfxunpack/internal/xcrd/schemas.go:382.84,405.2 1 2
github.com/doodlescheduling/tfxunpack/internal/xcrd/schemas.go:408.69,411.23 3 0
github.com/doodlescheduling/tfxunpack/internal/xcrd/schemas.go:411.23,414.3 2 0
github.com/doodlescheduling/tfxunpack/internal/xcrd/schemas.go:415.2,415.19 1 0
